
    INFO :: 2021-05-26 09:53:55,206  _ post : 
                    

    INFO :: 2021-05-27 15:46:27,242  _ post : 
                    

    INFO :: 2021-05-27 17:58:38,649  _ post : 
                    

    INFO :: 2021-05-27 19:36:21,151  _ post : 
                    

    INFO :: 2021-05-27 20:24:48,440  _ post : 
                    

    INFO :: 2021-05-27 21:01:34,278  _ post : 
                    

    INFO :: 2021-05-27 21:59:50,060  _ post : 
                    

    INFO :: 2021-05-28 16:07:38,539  _ post : 
                    

    INFO :: 2021-05-28 18:40:32,450  _ post : 
                    

    INFO :: 2021-05-30 16:53:10,807  _ post : 
                    

    INFO :: 2021-05-30 18:09:22,740  _ post : 
                    

    INFO :: 2021-05-30 19:38:24,338  _ post : 
                    

    INFO :: 2021-05-31 15:00:36,943  _ post : 
                    

    INFO :: 2021-05-31 15:21:55,761  _ post : 
                    

    INFO :: 2021-05-31 15:24:39,949  _ post : 
                    

    INFO :: 2021-05-31 15:25:27,944  _ post : 
                    

    INFO :: 2021-05-31 15:25:58,555  _ post : 
                    

    INFO :: 2021-05-31 15:26:34,307  _ post : 
                    

    INFO :: 2021-05-31 15:27:48,759  _ post : 
                    

    INFO :: 2021-05-31 15:28:31,997  _ post : 
                    

    INFO :: 2021-05-31 15:28:58,264  _ post : 
                    

    INFO :: 2021-05-31 15:49:16,136  _ post : 
                    

    INFO :: 2021-05-31 16:52:04,053  _ post : 
                    

    INFO :: 2021-05-31 16:56:17,627  _ post : 
                    

    INFO :: 2021-05-31 17:00:21,938  _ post : 
                    

    INFO :: 2021-05-31 17:20:18,350  _ post : 
                    

    INFO :: 2021-05-31 17:20:29,937  _ post : 
                    

    INFO :: 2021-05-31 17:38:00,919  _ post : 
                    

    INFO :: 2021-05-31 17:42:44,043  _ post : 
                    

    INFO :: 2021-05-31 17:48:43,663  _ post : 
                    

    INFO :: 2021-05-31 17:49:03,592  _ post : 
                    

    INFO :: 2021-05-31 17:49:37,572  _ post : 
                    

    INFO :: 2021-05-31 17:50:41,647  _ post : 
                    

    INFO :: 2021-05-31 17:51:02,838  _ post : 
                    

    INFO :: 2021-05-31 17:54:04,581  _ post : 
                    

    INFO :: 2021-05-31 17:55:06,160  _ post : 
                    

    INFO :: 2021-05-31 17:55:35,362  _ post : 
                    

    INFO :: 2021-06-01 16:52:21,854  _ post : 
                    

    INFO :: 2021-06-02 14:57:32,690  _ handler_invalid_username_login : 
                    

    INFO :: 2021-06-02 15:00:14,146  _ handler_invalid_username_login : 
                    

    INFO :: 2021-06-02 15:01:11,278  _ handler_invalid_username_login : 
                    

    INFO :: 2021-06-02 15:05:17,087  _ handler_invalid_username_login : 
                    

    INFO :: 2021-06-02 15:11:33,984  _ handler_invalid_username_login : 
                    

    INFO :: 2021-06-02 15:18:28,163  _ handler_invalid_username_login : 
                    

    INFO :: 2021-06-02 15:18:54,951  _ handler_invalid_username_login : 
                    

    INFO :: 2021-06-02 15:19:49,219  _ handler_invalid_username_login : 
                    

    INFO :: 2021-06-02 15:20:55,642  _ handler_invalid_username_login : 
                    

    INFO :: 2021-06-02 15:21:33,094  _ handler_invalid_username_login : 
                    

    INFO :: 2021-06-02 15:22:11,696  _ handler_invalid_username_login : 
                    

    INFO :: 2021-06-02 15:23:02,409  _ handler_invalid_username_login : 
                    

    INFO :: 2021-06-02 15:24:57,843  _ handler_invalid_username_login : 
                    

    INFO :: 2021-06-02 15:27:04,351  _ handler_invalid_username_login : 
                    

    INFO :: 2021-06-02 15:27:54,163  _ handler_invalid_username_login : username: AdminBack | 
                    

    INFO :: 2021-06-02 15:30:52,312  _ post : 
                    

    INFO :: 2021-06-02 15:31:22,804  _ post : username: ToniJSB | 
                    

    INFO :: 2021-06-02 15:38:52,136  _ post : request: Login | username: ToniJSB | 
                    

    INFO :: 2021-06-02 15:48:36,087  _ handler_invalid_username_login : request:  _  | 
                    

    INFO :: 2021-06-02 16:22:35,658  _ handler_invalid_username_login : request:  _  | 
                    

    INFO :: 2021-06-02 16:23:49,903  _ handler_invalid_username_login : request:  _  | 
                    
